
############################################################
# Research Run: run_096_phase_transitions
# Topic: phase transitions in neural network training: sharp measurable transitions in loss landscape geometry or gradient structure that predict generalization gap
# Domain: ml
############################################################


============================================================
[system] searching_literature
============================================================
Searching with queries: ['phase transitions in neural network training: sharp measurable transitions in loss landscape geometry or gradient structure that predict generalization gap', 'phase transitio...
  tokens: in=0 out=0 calls=0
[search] semantic scholar request failed: HTTP Error 429: 

============================================================
[scout] literature_report
============================================================
## Literature Analysis: Phase Transitions in Neural Network Training

### 1. Literature Summary

Based on the provided search results, I must note a critical observation: **none of the retrieved paper...
  tokens: in=6,465 out=1,586 calls=1

============================================================
[researcher] initial_proposal
============================================================
## Research Proposal: Early Generalization Prediction via Layer-wise Gradient Phase Transitions

### (1) EXACT NOVELTY CLAIM
We propose the first method to predict final generalization gap within the ...
  tokens: in=7,821 out=3,218 calls=2

============================================================
[critic] critique_round_1
============================================================
Looking at this proposal through my ICML reviewer lens, I see several critical issues:

## NOVELTY (6/10)
The gradient alignment idea has merit, but you're overselling the novelty. Prior work has exte...
  tokens: in=9,535 out=4,885 calls=3

============================================================
[researcher] revision_round_1
============================================================
## Revised Proposal: Layer-wise Gradient Coherence Collapse as an Early Indicator of Generalization

Thank you for the detailed feedback. You're absolutely right on several points. Let me address each...
  tokens: in=12,917 out=6,590 calls=4

============================================================
[critic] critique_round_2
============================================================
Looking at this revised proposal, I see substantial improvements. You've addressed the most critical issues, but there are still gaps that would likely trigger rejection at ICML.

## NOVELTY (7/10)
Go...
  tokens: in=16,907 out=7,874 calls=5

============================================================
[researcher] revision_round_2
============================================================
## Final Proposal: Understanding Feature Learning Dynamics through Gradient Coherence Analysis

Thank you for the constructive feedback. Let me address each concern with concrete solutions.

### (1) E...
  tokens: in=22,547 out=10,151 calls=6

============================================================
[critic] critique_round_3
============================================================
Looking at this third revision, I see substantial improvements that bring this closer to ICML standards.

## NOVELTY (7/10)
Good reframing. Connecting gradient coherence to neural collapse and gradien...
  tokens: in=29,410 out=11,237 calls=7

============================================================
[system] debate_resolved
============================================================
Approved after 3 rounds
  tokens: in=29,410 out=11,237 calls=7

============================================================
[coder] initial_code
============================================================
# pip install torch torchvision scipy scikit-learn

import torch
import torch.nn as nn
import torch.nn.functional as F
import torch.optim as optim
from torch.utils.data import DataLoader, random_split...
  tokens: in=32,431 out=16,356 calls=8

============================================================
[system] code_iteration
============================================================
Iteration 1/unlimited (best_score=0, pivots=0)
  tokens: in=32,431 out=16,356 calls=8
Installing: torch torchvision scipy scikit-learn

============================================================
[system] running_code
============================================================
Executing /Users/alisaffarini/burn-tokens/research/runs/run_096_phase_transitions/experiment_iter1.py (timeout=1800s, python=/Users/alisaffarini/burn-tokens/.venv/bin/python3)
  tokens: in=32,431 out=16,356 calls=8

============================================================
[system] code_failed
============================================================
Exit code 1
oring
    gci, coherence_matrix = compute_gradient_coherence_index(
                            ^^^^^^^^^^^^^^^^^^^^^^^^^^^^^^^^^
  File "/Users/alisaffarini/burn-tokens/research/runs/run_...
  tokens: in=32,431 out=16,356 calls=8

============================================================
[system] iteration_crashed
============================================================
Crash on iter 1: r: The size of tensor a (144) must match the size of tensor b (4608) at non-singleton dimension 0


Stdout:
Running metric sanity checks...
METRIC_SANITY_PASSED
Starting Gradient Cohe...
  tokens: in=32,431 out=16,356 calls=8

============================================================
[system] code_iteration
============================================================
Iteration 2/unlimited (best_score=0, pivots=0)
  tokens: in=40,754 out=22,363 calls=9
Installing: torch torchvision scipy scikit-learn

============================================================
[system] running_code
============================================================
Executing /Users/alisaffarini/burn-tokens/research/runs/run_096_phase_transitions/experiment_iter2.py (timeout=1800s, python=/Users/alisaffarini/burn-tokens/.venv/bin/python3)
  tokens: in=40,754 out=22,363 calls=9

============================================================
[system] code_timeout
============================================================
Exceeded 1800s timeout
  tokens: in=40,754 out=22,363 calls=9

============================================================
[system] iteration_crashed
============================================================
Crash on iter 2: TIMEOUT: Exceeded 1800s limit
  tokens: in=40,754 out=22,363 calls=9

============================================================
[system] code_iteration
============================================================
Iteration 3/unlimited (best_score=0, pivots=0)
  tokens: in=54,730 out=27,150 calls=10
Installing: torch torchvision scipy scikit-learn

============================================================
[system] running_code
============================================================
Executing /Users/alisaffarini/burn-tokens/research/runs/run_096_phase_transitions/experiment_iter3.py (timeout=1800s, python=/Users/alisaffarini/burn-tokens/.venv/bin/python3)
  tokens: in=54,730 out=27,150 calls=10

============================================================
[system] code_succeeded
============================================================
"seed": 2, "test_acc": 0.9326171875, "best_val_acc": 0.96, "collapse_detected": false, "collapse_epoch": -1, "collapse_magnitude": 0.0, "final_gci": 0.0, "converged": true, "training_time": 4.31570315...
  tokens: in=54,730 out=27,150 calls=10

============================================================
[system] checkpoint_saved
============================================================
Training checkpoint saved for iter 3
  tokens: in=54,730 out=27,150 calls=10

============================================================
[system] iteration_result
============================================================
SUCCESS (score=3): signal=True, results=True, converged=True
  tokens: in=54,730 out=27,150 calls=10

============================================================
[system] scaling_up
============================================================
Signal detected! Scaling to full experiment.
  tokens: in=54,730 out=27,150 calls=10

============================================================
[coder] scaled_experiment
============================================================
# pip install torch torchvision scipy scikit-learn

import torch
import torch.nn as nn
import torch.nn.functional as F
import torch.optim as optim
from torch.utils.data import DataLoader, random_split...
  tokens: in=76,316 out=34,433 calls=11

============================================================
[system] dry_run_validation
============================================================
Running full pipeline dry-run (iter 3) — validates train→analyze→output end-to-end [forced: 2 seeds, 3 epochs, patience=2]
  tokens: in=76,316 out=34,433 calls=11

============================================================
[system] running_code
============================================================
Executing /Users/alisaffarini/burn-tokens/research/runs/run_096_phase_transitions/dryrun_iter3.py (timeout=300s, python=/Users/alisaffarini/burn-tokens/.venv/bin/python3)
  tokens: in=76,316 out=34,433 calls=11

============================================================
[system] code_timeout
============================================================
Exceeded 300s timeout
  tokens: in=76,316 out=34,433 calls=11

============================================================
[system] dry_run_failed
============================================================
Pipeline broken: TIMEOUT: Exceeded 300s limit
  tokens: in=76,316 out=34,433 calls=11

============================================================
[system] dryrun_fix
============================================================
Dry-run caught bugs in scaled code. Fixing before full run.
  tokens: in=76,316 out=34,433 calls=11

============================================================
[system] dry_run_validation
============================================================
Running full pipeline dry-run (iter 3) — validates train→analyze→output end-to-end [forced: 2 seeds, 3 epochs, patience=2]
  tokens: in=105,021 out=39,946 calls=12

============================================================
[system] running_code
============================================================
Executing /Users/alisaffarini/burn-tokens/research/runs/run_096_phase_transitions/dryrun_iter3.py (timeout=300s, python=/Users/alisaffarini/burn-tokens/.venv/bin/python3)
  tokens: in=105,021 out=39,946 calls=12

============================================================
[system] code_succeeded
============================================================
te": 0.0, "mean_collapse_mag": 0.0, "n_samples": 3}}, "ablations": {"less_data": {"mean_acc": 0.8645833333333334, "std_acc": 0.021700694433332994, "collapse_rate": 0.0, "mean_collapse_mag": 0.0, "n_sa...
  tokens: in=105,021 out=39,946 calls=12

============================================================
[system] dry_run_METRIC_SANITY_FAIL
============================================================
Pipeline ran but metrics are DEGENERATE:
  - IDENTICAL_ACROSS_SEEDS: main_results.per_seed.*.collapse = False for all 10 seeds
  tokens: in=105,021 out=39,946 calls=12

============================================================
[system] dryrun_fix_failed
============================================================
Dry-run still failing after fix. Continuing iteration loop.
  tokens: in=105,021 out=39,946 calls=12

============================================================
[system] code_iteration
============================================================
Iteration 4/unlimited (best_score=3, pivots=0)
  tokens: in=105,021 out=39,946 calls=12
Installing: torch torchvision scipy scikit-learn

============================================================
[system] running_code
============================================================
Executing /Users/alisaffarini/burn-tokens/research/runs/run_096_phase_transitions/experiment_iter4.py (timeout=14400s, python=/Users/alisaffarini/burn-tokens/.venv/bin/python3)
  tokens: in=105,021 out=39,946 calls=12

============================================================
[system] code_succeeded
============================================================
collapse_rate": 0.3333333333333333, "mean_collapse_mag": 0.5499185410470958, "n_samples": 3}}, "ablations": {"less_data": {"mean_acc": 0.9031249999999998, "std_acc": 0.011723089474320153, "collapse_ra...
  tokens: in=105,021 out=39,946 calls=12

============================================================
[system] checkpoint_saved
============================================================
Training checkpoint saved for iter 4
  tokens: in=105,021 out=39,946 calls=12

============================================================
[system] iteration_result
============================================================
SUCCESS (score=3): signal=True, results=True, converged=True
  tokens: in=105,021 out=39,946 calls=12

============================================================
[system] scaling_up
============================================================
Signal detected! Scaling to full experiment.
  tokens: in=105,021 out=39,946 calls=12

============================================================
[coder] scaled_experiment
============================================================
# pip install torch torchvision scipy scikit-learn

import torch
import torch.nn as nn
import torch.nn.functional as F
import torch.optim as optim
from torch.utils.data import DataLoader, random_split...
  tokens: in=142,097 out=48,074 calls=13

============================================================
[system] dry_run_validation
============================================================
Running full pipeline dry-run (iter 4) — validates train→analyze→output end-to-end [forced: 2 seeds, 3 epochs, patience=2]
  tokens: in=142,097 out=48,074 calls=13

============================================================
[system] running_code
============================================================
Executing /Users/alisaffarini/burn-tokens/research/runs/run_096_phase_transitions/dryrun_iter4.py (timeout=300s, python=/Users/alisaffarini/burn-tokens/.venv/bin/python3)
  tokens: in=142,097 out=48,074 calls=13

============================================================
[system] code_timeout
============================================================
Exceeded 300s timeout
  tokens: in=142,097 out=48,074 calls=13

============================================================
[system] dry_run_failed
============================================================
Pipeline broken: TIMEOUT: Exceeded 300s limit
  tokens: in=142,097 out=48,074 calls=13

============================================================
[system] dryrun_fix
============================================================
Dry-run caught bugs in scaled code. Fixing before full run.
  tokens: in=142,097 out=48,074 calls=13

============================================================
[system] dry_run_validation
============================================================
Running full pipeline dry-run (iter 4) — validates train→analyze→output end-to-end [forced: 2 seeds, 3 epochs, patience=2]
  tokens: in=187,002 out=52,945 calls=14

============================================================
[system] running_code
============================================================
Executing /Users/alisaffarini/burn-tokens/research/runs/run_096_phase_transitions/dryrun_iter4.py (timeout=300s, python=/Users/alisaffarini/burn-tokens/.venv/bin/python3)
  tokens: in=187,002 out=52,945 calls=14

============================================================
[system] code_succeeded
============================================================
}, {"seed": 5, "acc": 0.9015625, "collapse": false}, {"seed": 6, "acc": 0.9109375, "collapse": false}, {"seed": 7, "acc": 0.9015625, "collapse": false}, {"seed": 8, "acc": 0.90625, "collapse": false},...
  tokens: in=187,002 out=52,945 calls=14

============================================================
[system] dry_run_passed
============================================================
Full pipeline validated end-to-end + metrics sane
  tokens: in=187,002 out=52,945 calls=14
Installing: torch torchvision scipy scikit-learn

============================================================
[system] running_code
============================================================
Executing /Users/alisaffarini/burn-tokens/research/runs/run_096_phase_transitions/experiment_full.py (timeout=14400s, python=/Users/alisaffarini/burn-tokens/.venv/bin/python3)
  tokens: in=187,002 out=52,945 calls=14
